2023-11-18 21:46:06,133 [Worker-4: Loading available Gradle versions] INFO  o.e.b.c.i.u.g.PublishedGradleVersions - Gradle version information cache is up-to-date. Trying to read.
2023-11-18 21:47:48,038 [Worker-12: Building] INFO  o.e.m.c.i.l.LifecycleMappingFactory - Using org.maven.ide.eclipse.wtp.WarLifecycleMapping lifecycle mapping for MavenProject: es.cristian:AE2_CRISTIAN:0.0.1-SNAPSHOT @ Q:\CQ\DAM FP DISTANCIA\EDIX\2. SEGUNDO CURSO\2. PSP\ACTIVIDADES\AE-2_SERVICIOS_REST\AE-2_CRISTIAN\AE2_CRISTIAN\pom.xml.
2023-11-18 21:47:48,846 [Worker-12: Building] INFO  o.e.m.c.i.e.AbstractTransferListenerAdapter - Downloading https://repo.maven.apache.org/maven2/org/apache/maven/plugins/maven-clean-plugin/3.1.0/maven-clean-plugin-3.1.0.pom
2023-11-18 21:47:48,905 [Worker-12: Building] INFO  o.e.m.c.i.e.AbstractTransferListenerAdapter - Downloaded https://repo.maven.apache.org/maven2/org/apache/maven/plugins/maven-clean-plugin/3.1.0/maven-clean-plugin-3.1.0.pom
2023-11-18 21:47:48,986 [Worker-12: Building] WARN  o.e.m.c.i.embedder.EclipseLogger - Failed to retrieve plugin descriptor for org.apache.maven.plugins:maven-resources-plugin:3.2.0: Plugin org.apache.maven.plugins:maven-resources-plugin:3.2.0 or one of its dependencies could not be resolved: Failed to read artifact descriptor for org.apache.maven.plugins:maven-resources-plugin:jar:3.2.0
2023-11-18 21:47:49,048 [Worker-12: Building] WARN  o.e.m.c.i.embedder.EclipseLogger - Failed to retrieve plugin descriptor for org.apache.maven.plugins:maven-resources-plugin:3.2.0: Plugin org.apache.maven.plugins:maven-resources-plugin:3.2.0 or one of its dependencies could not be resolved: Failed to read artifact descriptor for org.apache.maven.plugins:maven-resources-plugin:jar:3.2.0
2023-11-18 21:47:55,305 [Worker-12: Updating Maven Project] INFO  o.e.m.c.i.p.ProjectConfigurationManager - Update started
2023-11-18 21:47:55,767 [Worker-12: Updating Maven Project] INFO  o.e.m.c.i.l.LifecycleMappingFactory - Using org.maven.ide.eclipse.wtp.WarLifecycleMapping lifecycle mapping for MavenProject: es.cristian:AE2_CRISTIAN:0.0.1-SNAPSHOT @ Q:\CQ\DAM FP DISTANCIA\EDIX\2. SEGUNDO CURSO\2. PSP\ACTIVIDADES\AE-2_SERVICIOS_REST\AE-2_CRISTIAN\AE2_CRISTIAN\pom.xml.
2023-11-18 21:47:56,184 [Worker-12: Updating Maven Project] WARN  o.e.m.c.i.embedder.EclipseLogger - Failed to retrieve plugin descriptor for org.apache.maven.plugins:maven-resources-plugin:3.2.0: Plugin org.apache.maven.plugins:maven-resources-plugin:3.2.0 or one of its dependencies could not be resolved: Failed to read artifact descriptor for org.apache.maven.plugins:maven-resources-plugin:jar:3.2.0
2023-11-18 21:47:56,203 [Worker-12: Updating Maven Project] WARN  o.e.m.c.i.embedder.EclipseLogger - Failed to retrieve plugin descriptor for org.apache.maven.plugins:maven-resources-plugin:3.2.0: Plugin org.apache.maven.plugins:maven-resources-plugin:3.2.0 or one of its dependencies could not be resolved: Failed to read artifact descriptor for org.apache.maven.plugins:maven-resources-plugin:jar:3.2.0
2023-11-18 21:47:56,701 [Worker-12: Updating Maven Project] INFO  o.e.m.c.i.p.ProjectConfigurationManager - Update completed for 1 poms: local refresh takes 0,00 sec, refresh facades takes 1,00 sec, update config takes 0,00 sec 
2023-11-18 21:48:37,957 [Worker-6: Building] INFO  o.e.m.c.i.l.LifecycleMappingFactory - Using org.maven.ide.eclipse.wtp.WarLifecycleMapping lifecycle mapping for MavenProject: es.cristian.cliente:AE2_CRISTIAN_CLIENTE:0.0.1-SNAPSHOT @ Q:\CQ\DAM FP DISTANCIA\EDIX\2. SEGUNDO CURSO\2. PSP\ACTIVIDADES\AE-2_SERVICIOS_REST\AE-2_CRISTIAN\AE2_CRISTIAN_CLIENTE\pom.xml.
2023-11-18 21:48:38,266 [Worker-6: Building] WARN  o.e.m.c.i.embedder.EclipseLogger - Failed to retrieve plugin descriptor for org.apache.maven.plugins:maven-resources-plugin:3.2.0: Plugin org.apache.maven.plugins:maven-resources-plugin:3.2.0 or one of its dependencies could not be resolved: Failed to read artifact descriptor for org.apache.maven.plugins:maven-resources-plugin:jar:3.2.0
2023-11-18 21:48:38,270 [Worker-6: Building] WARN  o.e.m.c.i.embedder.EclipseLogger - Failed to retrieve plugin descriptor for org.apache.maven.plugins:maven-resources-plugin:3.2.0: Plugin org.apache.maven.plugins:maven-resources-plugin:3.2.0 or one of its dependencies could not be resolved: Failed to read artifact descriptor for org.apache.maven.plugins:maven-resources-plugin:jar:3.2.0
2023-11-18 21:48:38,712 [Worker-28: Updating Maven Project] INFO  o.e.m.c.i.p.ProjectConfigurationManager - Update started
2023-11-18 21:48:39,109 [Worker-28: Updating Maven Project] INFO  o.e.m.c.i.l.LifecycleMappingFactory - Using org.maven.ide.eclipse.wtp.WarLifecycleMapping lifecycle mapping for MavenProject: es.cristian.cliente:AE2_CRISTIAN_CLIENTE:0.0.1-SNAPSHOT @ Q:\CQ\DAM FP DISTANCIA\EDIX\2. SEGUNDO CURSO\2. PSP\ACTIVIDADES\AE-2_SERVICIOS_REST\AE-2_CRISTIAN\AE2_CRISTIAN_CLIENTE\pom.xml.
2023-11-18 21:48:39,433 [Worker-28: Updating Maven Project] WARN  o.e.m.c.i.embedder.EclipseLogger - Failed to retrieve plugin descriptor for org.apache.maven.plugins:maven-resources-plugin:3.2.0: Plugin org.apache.maven.plugins:maven-resources-plugin:3.2.0 or one of its dependencies could not be resolved: Failed to read artifact descriptor for org.apache.maven.plugins:maven-resources-plugin:jar:3.2.0
2023-11-18 21:48:39,438 [Worker-28: Updating Maven Project] WARN  o.e.m.c.i.embedder.EclipseLogger - Failed to retrieve plugin descriptor for org.apache.maven.plugins:maven-resources-plugin:3.2.0: Plugin org.apache.maven.plugins:maven-resources-plugin:3.2.0 or one of its dependencies could not be resolved: Failed to read artifact descriptor for org.apache.maven.plugins:maven-resources-plugin:jar:3.2.0
2023-11-18 21:48:39,906 [Worker-28: Updating Maven Project] INFO  o.e.m.c.i.p.ProjectConfigurationManager - Update completed for 1 poms: local refresh takes 0,00 sec, refresh facades takes 1,00 sec, update config takes 0,00 sec 
2023-11-18 21:50:24,402 [Worker-19: Building] INFO  o.e.m.c.i.l.LifecycleMappingFactory - Using org.maven.ide.eclipse.wtp.WarLifecycleMapping lifecycle mapping for MavenProject: es.cristian:AE2_CRISTIAN:0.0.1-SNAPSHOT @ Q:\CQ\DAM FP DISTANCIA\EDIX\2. SEGUNDO CURSO\2. PSP\ACTIVIDADES\AE-2_SERVICIOS_REST\AE-2_CRISTIAN\AE2_CRISTIAN\pom.xml.
2023-11-18 21:50:29,174 [Worker-19: Building] INFO  o.a.m.s.f.DefaultMavenResourcesFiltering - Copying 1 resource from src\main\resources to target\classes
2023-11-18 21:50:29,200 [Worker-19: Building] INFO  o.a.m.s.f.DefaultMavenResourcesFiltering - Copying 0 resource from src\main\resources to target\classes
2023-11-18 21:50:29,207 [Worker-19: Building] INFO  o.a.m.s.f.DefaultMavenResourcesFiltering - Copying 0 resource from src\test\resources to target\test-classes
2023-11-18 21:50:29,209 [Worker-19: Building] INFO  o.e.m.w.i.f.ResourceFilteringBuildParticipant - Changed resources require a complete clean of filtered resources of AE2_CRISTIAN
2023-11-18 21:50:29,211 [Worker-19: Building] INFO  o.e.m.w.i.f.ResourceFilteringBuildParticipant - Executing resource filtering for AE2_CRISTIAN
2023-11-18 21:50:36,395 [Worker-12: Building] INFO  o.e.m.c.i.l.LifecycleMappingFactory - Using org.maven.ide.eclipse.wtp.WarLifecycleMapping lifecycle mapping for MavenProject: es.cristian.cliente:AE2_CRISTIAN_CLIENTE:0.0.1-SNAPSHOT @ Q:\CQ\DAM FP DISTANCIA\EDIX\2. SEGUNDO CURSO\2. PSP\ACTIVIDADES\AE-2_SERVICIOS_REST\AE-2_CRISTIAN\AE2_CRISTIAN_CLIENTE\pom.xml.
2023-11-18 21:50:37,244 [Worker-12: Building] INFO  o.a.m.s.f.DefaultMavenResourcesFiltering - Copying 1 resource from src\main\resources to target\classes
2023-11-18 21:50:37,274 [Worker-12: Building] INFO  o.a.m.s.f.DefaultMavenResourcesFiltering - Copying 0 resource from src\main\resources to target\classes
2023-11-18 21:50:37,281 [Worker-12: Building] INFO  o.a.m.s.f.DefaultMavenResourcesFiltering - skip non existing resourceDirectory Q:\CQ\DAM FP DISTANCIA\EDIX\2. SEGUNDO CURSO\2. PSP\ACTIVIDADES\AE-2_SERVICIOS_REST\AE-2_CRISTIAN\AE2_CRISTIAN_CLIENTE\src\test\resources
2023-11-18 21:50:37,282 [Worker-12: Building] INFO  o.e.m.w.i.f.ResourceFilteringBuildParticipant - Changed resources require a complete clean of filtered resources of AE2_CRISTIAN_CLIENTE
2023-11-18 21:50:37,282 [Worker-12: Building] INFO  o.e.m.w.i.f.ResourceFilteringBuildParticipant - Executing resource filtering for AE2_CRISTIAN_CLIENTE
